\BOOKMARK [0][-]{chapter.1}{Introduzione}{}% 1
\BOOKMARK [0][-]{chapter.2}{Normalizzazione meteorologica utilizzando Random Forest}{}% 2
\BOOKMARK [0][-]{chapter.3}{La situazione in Lombardia}{}% 3
\BOOKMARK [1][-]{section.3.1}{NOx e NO2}{chapter.3}% 4
\BOOKMARK [1][-]{section.3.2}{PM10 e PM2.5}{chapter.3}% 5
\BOOKMARK [1][-]{section.3.3}{CO}{chapter.3}% 6
\BOOKMARK [1][-]{section.3.4}{Ozono}{chapter.3}% 7
\BOOKMARK [1][-]{section.3.5}{Ammoniaca}{chapter.3}% 8
\BOOKMARK [1][-]{section.3.6}{Benzene}{chapter.3}% 9
\BOOKMARK [1][-]{section.3.7}{SO2}{chapter.3}% 10
\BOOKMARK [0][-]{chapter.4}{Effetti del traffico sui principali inquinanti atmosferici}{}% 11
\BOOKMARK [1][-]{section.4.1}{NOx e NO2}{chapter.4}% 12
\BOOKMARK [2][-]{subsection.4.1.1}{NOx}{section.4.1}% 13
\BOOKMARK [2][-]{subsection.4.1.2}{NO2}{section.4.1}% 14
\BOOKMARK [1][-]{section.4.2}{CO}{chapter.4}% 15
\BOOKMARK [1][-]{section.4.3}{PM10}{chapter.4}% 16
\BOOKMARK [1][-]{section.4.4}{Utilizzo di dati relativi al traffico}{chapter.4}% 17
\BOOKMARK [2][-]{subsection.4.4.1}{NOx}{section.4.4}% 18
\BOOKMARK [2][-]{subsection.4.4.2}{NO2}{section.4.4}% 19
\BOOKMARK [2][-]{subsection.4.4.3}{CO}{section.4.4}% 20
\BOOKMARK [2][-]{subsection.4.4.4}{PM10}{section.4.4}% 21
\BOOKMARK [0][-]{chapter.5}{Effetti del lockdown per il Covid-19 sulle concentrazioni degli inquinanti}{}% 22
\BOOKMARK [1][-]{section.5.1}{NOx e NO2}{chapter.5}% 23
\BOOKMARK [2][-]{subsection.5.1.1}{NOx}{section.5.1}% 24
\BOOKMARK [2][-]{subsection.5.1.2}{NO2}{section.5.1}% 25
\BOOKMARK [1][-]{section.5.2}{PM10 e PM2.5}{chapter.5}% 26
\BOOKMARK [1][-]{section.5.3}{CO}{chapter.5}% 27
\BOOKMARK [1][-]{section.5.4}{Benzene}{chapter.5}% 28
\BOOKMARK [1][-]{section.5.5}{SO2}{chapter.5}% 29
\BOOKMARK [1][-]{section.5.6}{Ozono}{chapter.5}% 30
\BOOKMARK [1][-]{section.5.7}{Ammoniaca}{chapter.5}% 31
\BOOKMARK [1][-]{section.5.8}{Conclusioni}{chapter.5}% 32
\BOOKMARK [0][-]{chapter.6}{Conclusioni}{}% 33
