This is pdfTeX, Version 3.14159265-2.6-1.40.19 (TeX Live 2019/dev/Debian) (preloaded format=pdflatex 2020.4.5)  6 APR 2020 20:30
entering extended mode
 restricted \write18 enabled.
 %&-line parsing enabled.
**AnalisiPreviste.tex
(./AnalisiPreviste.tex
LaTeX2e <2018-12-01>
(/usr/share/texlive/texmf-dist/tex/latex/base/article.cls
Document Class: article 2018/09/03 v1.4i Standard LaTeX document class
(/usr/share/texlive/texmf-dist/tex/latex/base/size10.clo
File: size10.clo 2018/09/03 v1.4i Standard LaTeX file (size option)
)
\c@part=\count80
\c@section=\count81
\c@subsection=\count82
\c@subsubsection=\count83
\c@paragraph=\count84
\c@subparagraph=\count85
\c@figure=\count86
\c@table=\count87
\abovecaptionskip=\skip41
\belowcaptionskip=\skip42
\bibindent=\dimen102
)
(./AnalisiPreviste.aux)
\openout1 = `AnalisiPreviste.aux'.

LaTeX Font Info:    Checking defaults for OML/cmm/m/it on input line 6.
LaTeX Font Info:    ... okay on input line 6.
LaTeX Font Info:    Checking defaults for T1/cmr/m/n on input line 6.
LaTeX Font Info:    ... okay on input line 6.
LaTeX Font Info:    Checking defaults for OT1/cmr/m/n on input line 6.
LaTeX Font Info:    ... okay on input line 6.
LaTeX Font Info:    Checking defaults for OMS/cmsy/m/n on input line 6.
LaTeX Font Info:    ... okay on input line 6.
LaTeX Font Info:    Checking defaults for OMX/cmex/m/n on input line 6.
LaTeX Font Info:    ... okay on input line 6.
LaTeX Font Info:    Checking defaults for U/cmr/m/n on input line 6.
LaTeX Font Info:    ... okay on input line 6.
LaTeX Font Info:    External font `cmex10' loaded for size
(Font)              <12> on input line 7.
LaTeX Font Info:    External font `cmex10' loaded for size
(Font)              <8> on input line 7.
LaTeX Font Info:    External font `cmex10' loaded for size
(Font)              <6> on input line 7.
 [1

{/var/lib/texmf/fonts/map/pdftex/updmap/pdftex.map}]
[2]
Overfull \hbox (3.44498pt too wide) in paragraph at lines 23--30
\OT1/cmr/m/n/10 Un'analisi che ^^Re si-cu-ra-mente in-ter-es-sante af-frontare 
^^Re quella riguardante l'efficacia
 []

[3] [4] [5] [6] [7] (./AnalisiPreviste.bbl
Underfull \hbox (badness 1810) in paragraph at lines 10--12
[]\OT1/cmr/m/n/10 ARPALombardia, ``Anal-isi pre-lim-inare sulla qualit^^Ra dell
'aria du-rante
 []

) [8] (./AnalisiPreviste.aux) ) 
Here is how much of TeX's memory you used:
 241 strings out of 494561
 2670 string characters out of 6177455
 59635 words of memory out of 5000000
 3974 multiletter control sequences out of 15000+600000
 7934 words of font info for 28 fonts, out of 8000000 for 9000
 14 hyphenation exceptions out of 8191
 23i,6n,18p,1216b,187s stack positions out of 5000i,500n,10000p,200000b,80000s
</usr/share/texlive/texmf-dist/fonts/type1/publi
c/amsfonts/cm/cmbx10.pfb></usr/share/texlive/texmf-dist/fonts/type1/public/amsf
onts/cm/cmbx12.pfb></usr/share/texlive/texmf-dist/fonts/type1/public/amsfonts/c
m/cmr10.pfb></usr/share/texlive/texmf-dist/fonts/type1/public/amsfonts/cm/cmr12
.pfb></usr/share/texlive/texmf-dist/fonts/type1/public/amsfonts/cm/cmr17.pfb></
usr/share/texlive/texmf-dist/fonts/type1/public/amsfonts/cm/cmti10.pfb>
Output written on AnalisiPreviste.pdf (8 pages, 93119 bytes).
PDF statistics:
 55 PDF objects out of 1000 (max. 8388607)
 38 compressed objects within 1 object stream
 0 named destinations out of 1000 (max. 500000)
 1 words of extra memory for PDF output out of 10000 (max. 10000000)

